<?xml version="1.0" encoding="UTF-8"?>
<!-- Generated by org.testng.reporters.JUnitReportReporter -->
<testsuite hostname="LAPTOP-DNGRBBH3" failures="0" tests="7" name="multipleclasses.class3" time="0.018" errors="0" timestamp="2022-11-08T11:20:59 IST" skipped="0">
  <testcase classname="multipleclasses.class3" name="login" time="0.010"/>
  <system-out/>
  <testcase classname="multipleclasses.class3" name="customerdetails" time="0.001"/>
  <system-out/>
  <testcase classname="multipleclasses.class3" name="productdetails" time="0.002"/>
  <system-out/>
  <testcase classname="multipleclasses.class3" name="paymentdetails" time="0.001"/>
  <system-out/>
  <testcase classname="multipleclasses.class3" name="paiddetails" time="0.001"/>
  <system-out/>
  <testcase classname="multipleclasses.class3" name="feedbackprocess" time="0.001"/>
  <system-out/>
  <testcase classname="multipleclasses.class3" name="close" time="0.002"/>
  <system-out/>
</testsuite> <!-- multipleclasses.class3 -->
