<?xml version="1.0" encoding="UTF-8"?>
<!-- Generated by org.testng.reporters.JUnitReportReporter -->
<testsuite hostname="LAPTOP-DNGRBBH3" failures="0" tests="7" name="testng1.program1" time="0.015" errors="0" timestamp="2022-11-24T13:00:34 IST" skipped="1">
  <testcase classname="testng1.program1" name="opening_browser" time="0.008"/>
  <system-out/>
  <testcase classname="testng1.program1" name="Customerdetails" time="0.002"/>
  <system-out/>
  <testcase classname="testng1.program1" name="productdetails" time="0.001"/>
  <system-out/>
  <testcase classname="testng1.program1" name="paymentdetails" time="0.002"/>
  <system-out/>
  <testcase classname="testng1.program1" name="deliveryprocess" time="0.001"/>
  <system-out/>
  <testcase classname="testng1.program1" name="logoff" time="0.001"/>
  <system-out/>
  <testcase classname="testng1.program1" name="feedbackprocess">
    <skipped/>
  </testcase> <!-- feedbackprocess -->
  <system-out/>
</testsuite> <!-- testng1.program1 -->
