<?xml version="1.0" encoding="UTF-8"?>
<!-- Generated by org.testng.reporters.JUnitReportReporter -->
<testsuite hostname="LAPTOP-DNGRBBH3" failures="0" tests="1" name="testng1.NewTest3" time="0.001" errors="0" timestamp="2022-11-08T11:01:12 IST" skipped="0">
  <testcase classname="testng1.NewTest3" name="operation" time="0.001"/>
  <system-out/>
</testsuite> <!-- testng1.NewTest3 -->
