<?xml version="1.0" encoding="UTF-8"?>
<!-- Generated by org.testng.reporters.JUnitReportReporter -->
<testsuite hostname="LAPTOP-DNGRBBH3" failures="0" tests="3" name="multipleclasses.class1" time="0.013" errors="0" timestamp="2022-11-08T11:20:21 IST" skipped="0">
  <testcase classname="multipleclasses.class1" name="login" time="0.009"/>
  <system-out/>
  <testcase classname="multipleclasses.class1" name="customerdetails" time="0.002"/>
  <system-out/>
  <testcase classname="multipleclasses.class1" name="productdetails" time="0.002"/>
  <system-out/>
</testsuite> <!-- multipleclasses.class1 -->
