<?xml version="1.0" encoding="UTF-8"?>
<!-- Generated by org.testng.reporters.JUnitReportReporter -->
<testsuite hostname="LAPTOP-DNGRBBH3" failures="0" tests="4" name="amazonpage.login3" time="1.311" errors="0" timestamp="2022-11-24T15:07:05 IST" skipped="0">
  <testcase classname="amazonpage.login3" name="title" time="0.042"/>
  <system-out/>
  <testcase classname="amazonpage.login3" name="url" time="0.011"/>
  <system-out/>
  <testcase classname="amazonpage.login3" name="dropdown" time="0.455"/>
  <system-out/>
  <testcase classname="amazonpage.login3" name="screenshot" time="0.803"/>
  <system-out/>
</testsuite> <!-- amazonpage.login3 -->
